2026-03-18 11:00:24 - SQLSTATE[42S22]: Column not found: 1054 Unknown column 'total' in 'field list'
#0 /var/www/html/fullstack/backend/src/Repositories/OrderRepository.php(28): PDO->prepare()
#1 /var/www/html/fullstack/backend/src/Controller/GraphQL.php(127): App\Repositories\OrderRepository->create()
#2 /var/www/html/fullstack/backend/vendor/webonyx/graphql-php/src/Executor/ReferenceExecutor.php(688): App\Controller\GraphQL->App\Controller\{closure}()
#3 /var/www/html/fullstack/backend/vendor/webonyx/graphql-php/src/Executor/ReferenceExecutor.php(610): GraphQL\Executor\ReferenceExecutor->resolveFieldValueOrError()
#4 /var/www/html/fullstack/backend/vendor/webonyx/graphql-php/src/Executor/ReferenceExecutor.php(524): GraphQL\Executor\ReferenceExecutor->resolveField()
#5 /var/www/html/fullstack/backend/vendor/webonyx/graphql-php/src/Executor/ReferenceExecutor.php(918): GraphQL\Executor\ReferenceExecutor->GraphQL\Executor\{closure}()
#6 [internal function]: GraphQL\Executor\ReferenceExecutor->GraphQL\Executor\{closure}()
#7 /var/www/html/fullstack/backend/vendor/webonyx/graphql-php/src/Executor/ReferenceExecutor.php(910): array_reduce()
#8 /var/www/html/fullstack/backend/vendor/webonyx/graphql-php/src/Executor/ReferenceExecutor.php(516): GraphQL\Executor\ReferenceExecutor->promiseReduce()
#9 /var/www/html/fullstack/backend/vendor/webonyx/graphql-php/src/Executor/ReferenceExecutor.php(286): GraphQL\Executor\ReferenceExecutor->executeFieldsSerially()
#10 /var/www/html/fullstack/backend/vendor/webonyx/graphql-php/src/Executor/ReferenceExecutor.php(229): GraphQL\Executor\ReferenceExecutor->executeOperation()
#11 /var/www/html/fullstack/backend/vendor/webonyx/graphql-php/src/Executor/Executor.php(160): GraphQL\Executor\ReferenceExecutor->doExecute()
#12 /var/www/html/fullstack/backend/vendor/webonyx/graphql-php/src/GraphQL.php(151): GraphQL\Executor\Executor::promiseToExecute()
#13 /var/www/html/fullstack/backend/vendor/webonyx/graphql-php/src/GraphQL.php(87): GraphQL\GraphQL::promiseToExecute()
#14 /var/www/html/fullstack/backend/src/Controller/GraphQL.php(55): GraphQL\GraphQL::executeQuery()
#15 /var/www/html/fullstack/backend/public/index.php(49): App\Controller\GraphQL->handle()
#16 {main}
2026-03-18 11:02:42 - SQLSTATE[42S22]: Column not found: 1054 Unknown column 'total' in 'field list'
#0 /var/www/html/fullstack/backend/src/Repositories/OrderRepository.php(28): PDO->prepare()
#1 /var/www/html/fullstack/backend/src/Controller/GraphQL.php(127): App\Repositories\OrderRepository->create()
#2 /var/www/html/fullstack/backend/vendor/webonyx/graphql-php/src/Executor/ReferenceExecutor.php(688): App\Controller\GraphQL->App\Controller\{closure}()
#3 /var/www/html/fullstack/backend/vendor/webonyx/graphql-php/src/Executor/ReferenceExecutor.php(610): GraphQL\Executor\ReferenceExecutor->resolveFieldValueOrError()
#4 /var/www/html/fullstack/backend/vendor/webonyx/graphql-php/src/Executor/ReferenceExecutor.php(524): GraphQL\Executor\ReferenceExecutor->resolveField()
#5 /var/www/html/fullstack/backend/vendor/webonyx/graphql-php/src/Executor/ReferenceExecutor.php(918): GraphQL\Executor\ReferenceExecutor->GraphQL\Executor\{closure}()
#6 [internal function]: GraphQL\Executor\ReferenceExecutor->GraphQL\Executor\{closure}()
#7 /var/www/html/fullstack/backend/vendor/webonyx/graphql-php/src/Executor/ReferenceExecutor.php(910): array_reduce()
#8 /var/www/html/fullstack/backend/vendor/webonyx/graphql-php/src/Executor/ReferenceExecutor.php(516): GraphQL\Executor\ReferenceExecutor->promiseReduce()
#9 /var/www/html/fullstack/backend/vendor/webonyx/graphql-php/src/Executor/ReferenceExecutor.php(286): GraphQL\Executor\ReferenceExecutor->executeFieldsSerially()
#10 /var/www/html/fullstack/backend/vendor/webonyx/graphql-php/src/Executor/ReferenceExecutor.php(229): GraphQL\Executor\ReferenceExecutor->executeOperation()
#11 /var/www/html/fullstack/backend/vendor/webonyx/graphql-php/src/Executor/Executor.php(160): GraphQL\Executor\ReferenceExecutor->doExecute()
#12 /var/www/html/fullstack/backend/vendor/webonyx/graphql-php/src/GraphQL.php(151): GraphQL\Executor\Executor::promiseToExecute()
#13 /var/www/html/fullstack/backend/vendor/webonyx/graphql-php/src/GraphQL.php(87): GraphQL\GraphQL::promiseToExecute()
#14 /var/www/html/fullstack/backend/src/Controller/GraphQL.php(55): GraphQL\GraphQL::executeQuery()
#15 /var/www/html/fullstack/backend/public/index.php(49): App\Controller\GraphQL->handle()
#16 {main}
2026-03-18 11:05:45 - SQLSTATE[42S22]: Column not found: 1054 Unknown column 'total' in 'field list'
#0 /var/www/html/fullstack/backend/src/Repositories/OrderRepository.php(28): PDO->prepare()
#1 /var/www/html/fullstack/backend/src/Controller/GraphQL.php(127): App\Repositories\OrderRepository->create()
#2 /var/www/html/fullstack/backend/vendor/webonyx/graphql-php/src/Executor/ReferenceExecutor.php(688): App\Controller\GraphQL->App\Controller\{closure}()
#3 /var/www/html/fullstack/backend/vendor/webonyx/graphql-php/src/Executor/ReferenceExecutor.php(610): GraphQL\Executor\ReferenceExecutor->resolveFieldValueOrError()
#4 /var/www/html/fullstack/backend/vendor/webonyx/graphql-php/src/Executor/ReferenceExecutor.php(524): GraphQL\Executor\ReferenceExecutor->resolveField()
#5 /var/www/html/fullstack/backend/vendor/webonyx/graphql-php/src/Executor/ReferenceExecutor.php(918): GraphQL\Executor\ReferenceExecutor->GraphQL\Executor\{closure}()
#6 [internal function]: GraphQL\Executor\ReferenceExecutor->GraphQL\Executor\{closure}()
#7 /var/www/html/fullstack/backend/vendor/webonyx/graphql-php/src/Executor/ReferenceExecutor.php(910): array_reduce()
#8 /var/www/html/fullstack/backend/vendor/webonyx/graphql-php/src/Executor/ReferenceExecutor.php(516): GraphQL\Executor\ReferenceExecutor->promiseReduce()
#9 /var/www/html/fullstack/backend/vendor/webonyx/graphql-php/src/Executor/ReferenceExecutor.php(286): GraphQL\Executor\ReferenceExecutor->executeFieldsSerially()
#10 /var/www/html/fullstack/backend/vendor/webonyx/graphql-php/src/Executor/ReferenceExecutor.php(229): GraphQL\Executor\ReferenceExecutor->executeOperation()
#11 /var/www/html/fullstack/backend/vendor/webonyx/graphql-php/src/Executor/Executor.php(160): GraphQL\Executor\ReferenceExecutor->doExecute()
#12 /var/www/html/fullstack/backend/vendor/webonyx/graphql-php/src/GraphQL.php(151): GraphQL\Executor\Executor::promiseToExecute()
#13 /var/www/html/fullstack/backend/vendor/webonyx/graphql-php/src/GraphQL.php(87): GraphQL\GraphQL::promiseToExecute()
#14 /var/www/html/fullstack/backend/src/Controller/GraphQL.php(55): GraphQL\GraphQL::executeQuery()
#15 /var/www/html/fullstack/backend/public/index.php(49): App\Controller\GraphQL->handle()
#16 {main}
2026-03-18 11:10:03 - SQLSTATE[42S22]: Column not found: 1054 Unknown column 'total' in 'field list'
#0 /var/www/html/fullstack/backend/src/Repositories/OrderRepository.php(28): PDO->prepare()
#1 /var/www/html/fullstack/backend/src/Controller/GraphQL.php(129): App\Repositories\OrderRepository->create()
#2 /var/www/html/fullstack/backend/vendor/webonyx/graphql-php/src/Executor/ReferenceExecutor.php(688): App\Controller\GraphQL->App\Controller\{closure}()
#3 /var/www/html/fullstack/backend/vendor/webonyx/graphql-php/src/Executor/ReferenceExecutor.php(610): GraphQL\Executor\ReferenceExecutor->resolveFieldValueOrError()
#4 /var/www/html/fullstack/backend/vendor/webonyx/graphql-php/src/Executor/ReferenceExecutor.php(524): GraphQL\Executor\ReferenceExecutor->resolveField()
#5 /var/www/html/fullstack/backend/vendor/webonyx/graphql-php/src/Executor/ReferenceExecutor.php(918): GraphQL\Executor\ReferenceExecutor->GraphQL\Executor\{closure}()
#6 [internal function]: GraphQL\Executor\ReferenceExecutor->GraphQL\Executor\{closure}()
#7 /var/www/html/fullstack/backend/vendor/webonyx/graphql-php/src/Executor/ReferenceExecutor.php(910): array_reduce()
#8 /var/www/html/fullstack/backend/vendor/webonyx/graphql-php/src/Executor/ReferenceExecutor.php(516): GraphQL\Executor\ReferenceExecutor->promiseReduce()
#9 /var/www/html/fullstack/backend/vendor/webonyx/graphql-php/src/Executor/ReferenceExecutor.php(286): GraphQL\Executor\ReferenceExecutor->executeFieldsSerially()
#10 /var/www/html/fullstack/backend/vendor/webonyx/graphql-php/src/Executor/ReferenceExecutor.php(229): GraphQL\Executor\ReferenceExecutor->executeOperation()
#11 /var/www/html/fullstack/backend/vendor/webonyx/graphql-php/src/Executor/Executor.php(160): GraphQL\Executor\ReferenceExecutor->doExecute()
#12 /var/www/html/fullstack/backend/vendor/webonyx/graphql-php/src/GraphQL.php(151): GraphQL\Executor\Executor::promiseToExecute()
#13 /var/www/html/fullstack/backend/vendor/webonyx/graphql-php/src/GraphQL.php(87): GraphQL\GraphQL::promiseToExecute()
#14 /var/www/html/fullstack/backend/src/Controller/GraphQL.php(55): GraphQL\GraphQL::executeQuery()
#15 /var/www/html/fullstack/backend/public/index.php(49): App\Controller\GraphQL->handle()
#16 {main}
2026-03-18 11:25:12 - SQLSTATE[42S22]: Column not found: 1054 Unknown column 'total' in 'field list'
#0 /var/www/html/fullstack/backend/src/Repositories/OrderRepository.php(28): PDO->prepare()
#1 /var/www/html/fullstack/backend/src/Controller/GraphQL.php(128): App\Repositories\OrderRepository->create()
#2 /var/www/html/fullstack/backend/vendor/webonyx/graphql-php/src/Executor/ReferenceExecutor.php(688): App\Controller\GraphQL->App\Controller\{closure}()
#3 /var/www/html/fullstack/backend/vendor/webonyx/graphql-php/src/Executor/ReferenceExecutor.php(610): GraphQL\Executor\ReferenceExecutor->resolveFieldValueOrError()
#4 /var/www/html/fullstack/backend/vendor/webonyx/graphql-php/src/Executor/ReferenceExecutor.php(524): GraphQL\Executor\ReferenceExecutor->resolveField()
#5 /var/www/html/fullstack/backend/vendor/webonyx/graphql-php/src/Executor/ReferenceExecutor.php(918): GraphQL\Executor\ReferenceExecutor->GraphQL\Executor\{closure}()
#6 [internal function]: GraphQL\Executor\ReferenceExecutor->GraphQL\Executor\{closure}()
#7 /var/www/html/fullstack/backend/vendor/webonyx/graphql-php/src/Executor/ReferenceExecutor.php(910): array_reduce()
#8 /var/www/html/fullstack/backend/vendor/webonyx/graphql-php/src/Executor/ReferenceExecutor.php(516): GraphQL\Executor\ReferenceExecutor->promiseReduce()
#9 /var/www/html/fullstack/backend/vendor/webonyx/graphql-php/src/Executor/ReferenceExecutor.php(286): GraphQL\Executor\ReferenceExecutor->executeFieldsSerially()
#10 /var/www/html/fullstack/backend/vendor/webonyx/graphql-php/src/Executor/ReferenceExecutor.php(229): GraphQL\Executor\ReferenceExecutor->executeOperation()
#11 /var/www/html/fullstack/backend/vendor/webonyx/graphql-php/src/Executor/Executor.php(160): GraphQL\Executor\ReferenceExecutor->doExecute()
#12 /var/www/html/fullstack/backend/vendor/webonyx/graphql-php/src/GraphQL.php(151): GraphQL\Executor\Executor::promiseToExecute()
#13 /var/www/html/fullstack/backend/vendor/webonyx/graphql-php/src/GraphQL.php(87): GraphQL\GraphQL::promiseToExecute()
#14 /var/www/html/fullstack/backend/src/Controller/GraphQL.php(55): GraphQL\GraphQL::executeQuery()
#15 /var/www/html/fullstack/backend/public/index.php(49): App\Controller\GraphQL->handle()
#16 {main}
2026-03-18 11:26:41 - SQLSTATE[42S22]: Column not found: 1054 Unknown column 'total' in 'field list'
#0 /var/www/html/fullstack/backend/src/Repositories/OrderRepository.php(28): PDO->prepare()
#1 /var/www/html/fullstack/backend/src/Controller/GraphQL.php(128): App\Repositories\OrderRepository->create()
#2 /var/www/html/fullstack/backend/vendor/webonyx/graphql-php/src/Executor/ReferenceExecutor.php(688): App\Controller\GraphQL->App\Controller\{closure}()
#3 /var/www/html/fullstack/backend/vendor/webonyx/graphql-php/src/Executor/ReferenceExecutor.php(610): GraphQL\Executor\ReferenceExecutor->resolveFieldValueOrError()
#4 /var/www/html/fullstack/backend/vendor/webonyx/graphql-php/src/Executor/ReferenceExecutor.php(524): GraphQL\Executor\ReferenceExecutor->resolveField()
#5 /var/www/html/fullstack/backend/vendor/webonyx/graphql-php/src/Executor/ReferenceExecutor.php(918): GraphQL\Executor\ReferenceExecutor->GraphQL\Executor\{closure}()
#6 [internal function]: GraphQL\Executor\ReferenceExecutor->GraphQL\Executor\{closure}()
#7 /var/www/html/fullstack/backend/vendor/webonyx/graphql-php/src/Executor/ReferenceExecutor.php(910): array_reduce()
#8 /var/www/html/fullstack/backend/vendor/webonyx/graphql-php/src/Executor/ReferenceExecutor.php(516): GraphQL\Executor\ReferenceExecutor->promiseReduce()
#9 /var/www/html/fullstack/backend/vendor/webonyx/graphql-php/src/Executor/ReferenceExecutor.php(286): GraphQL\Executor\ReferenceExecutor->executeFieldsSerially()
#10 /var/www/html/fullstack/backend/vendor/webonyx/graphql-php/src/Executor/ReferenceExecutor.php(229): GraphQL\Executor\ReferenceExecutor->executeOperation()
#11 /var/www/html/fullstack/backend/vendor/webonyx/graphql-php/src/Executor/Executor.php(160): GraphQL\Executor\ReferenceExecutor->doExecute()
#12 /var/www/html/fullstack/backend/vendor/webonyx/graphql-php/src/GraphQL.php(151): GraphQL\Executor\Executor::promiseToExecute()
#13 /var/www/html/fullstack/backend/vendor/webonyx/graphql-php/src/GraphQL.php(87): GraphQL\GraphQL::promiseToExecute()
#14 /var/www/html/fullstack/backend/src/Controller/GraphQL.php(55): GraphQL\GraphQL::executeQuery()
#15 /var/www/html/fullstack/backend/public/index.php(49): App\Controller\GraphQL->handle()
#16 {main}
